<?xml version="1.0" encoding="UTF-8"?>
<testsuite xmlns:xsi="http://www.w3.org/2001/XMLSchema-instance" xsi:noNamespaceSchemaLocation="https://maven.apache.org/surefire/maven-surefire-plugin/xsd/surefire-test-report-3.0.xsd" version="3.0" name="com.itheima.test.DemoTest" time="0.071" tests="1" errors="0" skipped="0" failures="0">
  <properties>
    <property name="java.specification.version" value="24"/>
    <property name="sun.cpu.isalist" value="amd64"/>
    <property name="sun.jnu.encoding" value="GBK"/>
    <property name="java.class.path" value="C:\Users\29145\Desktop\WorkSpace\learn-java\day04-Maven-SpringBootWeb入门\maven-project02\target\test-classes;C:\Users\29145\Desktop\WorkSpace\learn-java\day04-Maven-SpringBootWeb入门\maven-project02\target\classes;C:\Users\29145\.m2\repository\ch\qos\logback\logback-classic\1.2.3\logback-classic-1.2.3.jar;C:\Users\29145\.m2\repository\ch\qos\logback\logback-core\1.2.3\logback-core-1.2.3.jar;C:\Users\29145\.m2\repository\org\slf4j\slf4j-api\1.7.25\slf4j-api-1.7.25.jar;C:\Users\29145\.m2\repository\junit\junit\4.12\junit-4.12.jar;C:\Users\29145\.m2\repository\org\hamcrest\hamcrest-core\1.3\hamcrest-core-1.3.jar;"/>
    <property name="java.vm.vendor" value="Oracle Corporation"/>
    <property name="sun.arch.data.model" value="64"/>
    <property name="user.variant" value=""/>
    <property name="java.vendor.url" value="https://java.oracle.com/"/>
    <property name="user.timezone" value="Asia/Shanghai"/>
    <property name="user.country.format" value="HK"/>
    <property name="os.name" value="Windows 11"/>
    <property name="java.vm.specification.version" value="24"/>
    <property name="sun.java.launcher" value="SUN_STANDARD"/>
    <property name="user.country" value="CN"/>
    <property name="sun.boot.library.path" value="D:\Program Files\Java\jdks\OpenJdk_24\bin"/>
    <property name="sun.java.command" value="C:\Users\29145\AppData\Local\Temp\surefire13904273033237779001\surefirebooter-20250829200017670_3.jar C:\Users\29145\AppData\Local\Temp\surefire13904273033237779001 2025-08-29T20-00-16_536-jvmRun1 surefire-20250829200017670_1tmp surefire_0-20250829200017670_2tmp"/>
    <property name="jdk.debug" value="release"/>
    <property name="surefire.test.class.path" value="C:\Users\29145\Desktop\WorkSpace\learn-java\day04-Maven-SpringBootWeb入门\maven-project02\target\test-classes;C:\Users\29145\Desktop\WorkSpace\learn-java\day04-Maven-SpringBootWeb入门\maven-project02\target\classes;C:\Users\29145\.m2\repository\ch\qos\logback\logback-classic\1.2.3\logback-classic-1.2.3.jar;C:\Users\29145\.m2\repository\ch\qos\logback\logback-core\1.2.3\logback-core-1.2.3.jar;C:\Users\29145\.m2\repository\org\slf4j\slf4j-api\1.7.25\slf4j-api-1.7.25.jar;C:\Users\29145\.m2\repository\junit\junit\4.12\junit-4.12.jar;C:\Users\29145\.m2\repository\org\hamcrest\hamcrest-core\1.3\hamcrest-core-1.3.jar;"/>
    <property name="sun.cpu.endian" value="little"/>
    <property name="user.home" value="C:\Users\29145"/>
    <property name="user.language" value="zh"/>
    <property name="java.specification.vendor" value="Oracle Corporation"/>
    <property name="java.version.date" value="2025-07-15"/>
    <property name="java.home" value="D:\Program Files\Java\jdks\OpenJdk_24"/>
    <property name="file.separator" value="\"/>
    <property name="basedir" value="C:\Users\29145\Desktop\WorkSpace\learn-java\day04-Maven-SpringBootWeb入门\maven-project02"/>
    <property name="java.vm.compressedOopsMode" value="Zero based"/>
    <property name="line.separator" value="&#10;"/>
    <property name="java.vm.specification.vendor" value="Oracle Corporation"/>
    <property name="java.specification.name" value="Java Platform API Specification"/>
    <property name="surefire.real.class.path" value="C:\Users\29145\AppData\Local\Temp\surefire13904273033237779001\surefirebooter-20250829200017670_3.jar"/>
    <property name="user.script" value=""/>
    <property name="user.script.format" value="Hans"/>
    <property name="sun.management.compiler" value="HotSpot 64-Bit Tiered Compilers"/>
    <property name="java.runtime.version" value="24.0.2+12-54"/>
    <property name="user.name" value="29145"/>
    <property name="stdout.encoding" value="GBK"/>
    <property name="path.separator" value=";"/>
    <property name="os.version" value="10.0"/>
    <property name="java.runtime.name" value="OpenJDK Runtime Environment"/>
    <property name="file.encoding" value="UTF-8"/>
    <property name="java.vm.name" value="OpenJDK 64-Bit Server VM"/>
    <property name="localRepository" value="C:\Users\29145\.m2\repository"/>
    <property name="java.vendor.url.bug" value="https://bugreport.java.com/bugreport/"/>
    <property name="java.io.tmpdir" value="C:\Users\29145\AppData\Local\Temp\"/>
    <property name="idea.version" value="2025.1.2"/>
    <property name="java.version" value="24.0.2"/>
    <property name="user.dir" value="C:\Users\29145\Desktop\WorkSpace\learn-java\day04-Maven-SpringBootWeb入门\maven-project02"/>
    <property name="os.arch" value="amd64"/>
    <property name="java.vm.specification.name" value="Java Virtual Machine Specification"/>
    <property name="sun.os.patch.level" value=""/>
    <property name="native.encoding" value="GBK"/>
    <property name="java.library.path" value="D:\Program Files\Java\jdks\OpenJdk_24\bin;C:\WINDOWS\Sun\Java\bin;C:\WINDOWS\system32;C:\WINDOWS;C:\WINDOWS\system32;C:\WINDOWS;C:\WINDOWS\System32\Wbem;C:\WINDOWS\System32\WindowsPowerShell\v1.0\;C:\WINDOWS\System32\OpenSSH\;C:\Program Files\dotnet\;D:\Program Files\Java\jdks\OpenJdk_24\bin;D:\Program Files\ChromeDriver;D:\Program Files\Java\apache-maven-3.9.11\bin;C:\Users\29145\AppData\Local\Programs\Python\Python313\Scripts\;C:\Users\29145\AppData\Local\Programs\Python\Python313\;C:\Users\29145\AppData\Local\Programs\Python\Launcher\;C:\Users\29145\scoop\apps\nvm\current;C:\Users\29145\scoop\apps\nvm\current\nodejs\nodejs;C:\Users\29145\scoop\shims;C:\Program Files\MySQL\MySQL Shell 8.0\bin\;C:\Users\29145\AppData\Local\Microsoft\WindowsApps;D:\Program Files\Fiddler;D:\Program Files\Microsoft VS Code\bin;D:\Program Files\JetBrains\PyCharm 2025.1.2\bin;;."/>
    <property name="java.vm.info" value="mixed mode, sharing"/>
    <property name="stderr.encoding" value="GBK"/>
    <property name="java.vendor" value="Oracle Corporation"/>
    <property name="java.vm.version" value="24.0.2+12-54"/>
    <property name="sun.io.unicode.encoding" value="UnicodeLittle"/>
    <property name="java.class.version" value="68.0"/>
  </properties>
  <testcase name="test1" classname="com.itheima.test.DemoTest" time="0.008">
    <system-out><![CDATA[20:00:17.965 [main] INFO com.itheima.test.DemoTest - test1 ... running ...
]]></system-out>
  </testcase>
</testsuite>